<?xml version="1.0" encoding="UTF-8"?>
<!-- Generated by org.testng.reporters.JUnitXMLReporter -->
<testsuite hostname="LAPTOP-I3V0BKGE" ignored="3" name="Default test" tests="2" failures="0" timestamp="13 Nov 2019 10:19:45 GMT" time="4.197" errors="0">
  <testcase name="createUser" time="0.805" classname="tests.UserCRUDOperations"/>
  <testcase name="getSingleUser" time="0.04" classname="tests.UserCRUDOperations"/>
  <testcase name="getTestSuite" time="0.0" classname="tests.UserCRUDOperations">
    <ignored/>
  </testcase> <!-- getTestSuite -->
  <testcase name="testRunner" time="0.0" classname="tests.UserCRUDOperations">
    <ignored/>
  </testcase> <!-- testRunner -->
  <testcase name="fullControl" time="0.0" classname="tests.UserCRUDOperations">
    <ignored/>
  </testcase> <!-- fullControl -->
</testsuite> <!-- Default test -->
