<?xml version="1.0" encoding="UTF-8"?>
<testng-results skipped="0" failed="0" ignored="3" total="5" passed="2">
  <reporter-output>
  </reporter-output>
  <suite name="Default suite" duration-ms="4197" started-at="2019-11-13T10:19:41Z" finished-at="2019-11-13T10:19:45Z">
    <groups>
    </groups>
    <test name="Default test" duration-ms="4197" started-at="2019-11-13T10:19:41Z" finished-at="2019-11-13T10:19:45Z">
      <class name="tests.UserCRUDOperations">
        <test-method status="PASS" signature="beforeClass()[pri:0, instance:tests.UserCRUDOperations@7b49cea0]" name="beforeClass" is-config="true" duration-ms="3330" started-at="2019-11-13T15:49:41Z" finished-at="2019-11-13T15:49:44Z">
          <reporter-output>
          </reporter-output>
        </test-method> <!-- beforeClass -->
        <test-method status="PASS" signature="createUser()[pri:1, instance:tests.UserCRUDOperations@7b49cea0]" name="createUser" duration-ms="805" started-at="2019-11-13T15:49:44Z" finished-at="2019-11-13T15:49:45Z">
          <reporter-output>
          </reporter-output>
        </test-method> <!-- createUser -->
        <test-method status="PASS" signature="getSingleUser()[pri:2, instance:tests.UserCRUDOperations@7b49cea0]" name="getSingleUser" duration-ms="40" started-at="2019-11-13T15:49:45Z" finished-at="2019-11-13T15:49:45Z">
          <reporter-output>
          </reporter-output>
        </test-method> <!-- getSingleUser -->
      </class> <!-- tests.UserCRUDOperations -->
    </test> <!-- Default test -->
  </suite> <!-- Default suite -->
</testng-results>
